<?xml version="1.0" encoding="UTF-8"?>
<testng-results ignored="0" total="2" passed="2" failed="0" skipped="0">
  <reporter-output>
    <line>
      <![CDATA[chrome launched]]>
    </line>
    <line>
      <![CDATA[http://127.0.0.1/login.dourl navigated]]>
    </line>
    <line>
      <![CDATA[logo is displayed]]>
    </line>
    <line>
      <![CDATA[Home page title is verified]]>
    </line>
    <line>
      <![CDATA[validLoginTestscript is passed]]>
    </line>
    <line>
      <![CDATA[browser closed]]>
    </line>
    <line>
      <![CDATA[chrome launched]]>
    </line>
    <line>
      <![CDATA[http://127.0.0.1/login.dourl navigated]]>
    </line>
    <line>
      <![CDATA[invalid login msg is verified]]>
    </line>
    <line>
      <![CDATA[invalidLoginTestscript is passed]]>
    </line>
    <line>
      <![CDATA[browser closed]]>
    </line>
  </reporter-output>
  <suite started-at="2018-08-02T08:17:43Z" name="Suite" finished-at="2018-08-02T08:18:21Z" duration-ms="38664">
    <groups>
    </groups>
    <test started-at="2018-08-02T08:17:43Z" name="Test" finished-at="2018-08-02T08:18:21Z" duration-ms="38664">
      <class name="com.actitime.scripts.LoginTest">
        <test-method is-config="true" signature="setUp(java.lang.String, java.lang.String)[pri:0, instance:com.actitime.scripts.LoginTest@28f2a10f]" started-at="2018-08-02T08:17:43Z" name="setUp" finished-at="2018-08-02T08:17:58Z" duration-ms="15761" status="PASS">
          <params>
            <param index="0">
              <value>
                <![CDATA[chrome]]>
              </value>
            </param>
            <param index="1">
              <value>
                <![CDATA[http://127.0.0.1/login.do]]>
              </value>
            </param>
          </params>
          <reporter-output>
            <line>
              <![CDATA[chrome launched]]>
            </line>
            <line>
              <![CDATA[http://127.0.0.1/login.dourl navigated]]>
            </line>
          </reporter-output>
        </test-method> <!-- setUp -->
        <test-method signature="validLoginTest()[pri:1, instance:com.actitime.scripts.LoginTest@28f2a10f]" started-at="2018-08-02T08:17:58Z" name="validLoginTest" finished-at="2018-08-02T08:18:13Z" duration-ms="14498" status="PASS">
          <reporter-output>
            <line>
              <![CDATA[logo is displayed]]>
            </line>
            <line>
              <![CDATA[Home page title is verified]]>
            </line>
          </reporter-output>
        </test-method> <!-- validLoginTest -->
        <test-method is-config="true" signature="tearDown(org.testng.ITestResult)[pri:0, instance:com.actitime.scripts.LoginTest@28f2a10f]" started-at="2018-08-02T08:18:13Z" name="tearDown" finished-at="2018-08-02T08:18:14Z" duration-ms="993" status="PASS">
          <params>
            <param index="0">
              <value>
                <![CDATA[[TestResult name=validLoginTest status=SUCCESS method=LoginTest.validLoginTest()[pri:1, instance:com.actitime.scripts.LoginTest@28f2a10f] output=logo is displayed]]]>
              </value>
            </param>
          </params>
          <reporter-output>
            <line>
              <![CDATA[validLoginTestscript is passed]]>
            </line>
            <line>
              <![CDATA[browser closed]]>
            </line>
          </reporter-output>
        </test-method> <!-- tearDown -->
        <test-method is-config="true" signature="setUp(java.lang.String, java.lang.String)[pri:0, instance:com.actitime.scripts.LoginTest@28f2a10f]" started-at="2018-08-02T08:18:14Z" name="setUp" finished-at="2018-08-02T08:18:20Z" duration-ms="6228" status="PASS">
          <params>
            <param index="0">
              <value>
                <![CDATA[chrome]]>
              </value>
            </param>
            <param index="1">
              <value>
                <![CDATA[http://127.0.0.1/login.do]]>
              </value>
            </param>
          </params>
          <reporter-output>
            <line>
              <![CDATA[chrome launched]]>
            </line>
            <line>
              <![CDATA[http://127.0.0.1/login.dourl navigated]]>
            </line>
          </reporter-output>
        </test-method> <!-- setUp -->
        <test-method signature="invalidLoginTest()[pri:2, instance:com.actitime.scripts.LoginTest@28f2a10f]" started-at="2018-08-02T08:18:20Z" name="invalidLoginTest" finished-at="2018-08-02T08:18:21Z" duration-ms="1066" status="PASS">
          <reporter-output>
            <line>
              <![CDATA[invalid login msg is verified]]>
            </line>
          </reporter-output>
        </test-method> <!-- invalidLoginTest -->
        <test-method is-config="true" signature="tearDown(org.testng.ITestResult)[pri:0, instance:com.actitime.scripts.LoginTest@28f2a10f]" started-at="2018-08-02T08:18:21Z" name="tearDown" finished-at="2018-08-02T08:18:21Z" duration-ms="66" status="PASS">
          <params>
            <param index="0">
              <value>
                <![CDATA[[TestResult name=invalidLoginTest status=SUCCESS method=LoginTest.invalidLoginTest()[pri:2, instance:com.actitime.scripts.LoginTest@28f2a10f] output=invalid login msg is verified]]]>
              </value>
            </param>
          </params>
          <reporter-output>
            <line>
              <![CDATA[invalidLoginTestscript is passed]]>
            </line>
            <line>
              <![CDATA[browser closed]]>
            </line>
          </reporter-output>
        </test-method> <!-- tearDown -->
      </class> <!-- com.actitime.scripts.LoginTest -->
    </test> <!-- Test -->
  </suite> <!-- Suite -->
</testng-results>
